<?xml version="1.0" encoding="UTF-8"?>
<!-- Generated by org.testng.reporters.JUnitReportReporter -->
<testsuite skipped="0" hostname="PC" name="LibraryTest" tests="1" failures="0" timestamp="2020-02-04T23:50:43 PST" time="3.133" errors="0">
  <testcase name="testSomeLibraryMethod" time="3.133" classname="LibraryTest"/>
  <system-out/>
</testsuite> <!-- LibraryTest -->
