<?xml version="1.0" encoding="UTF-8"?>
<!-- Generated by org.testng.reporters.JUnitReportReporter -->
<testsuite skipped="0" hostname="PC" name="pages.CartPage" tests="1" failures="0" timestamp="2020-02-06T04:27:30 PST" time="7.740" errors="0">
  <testcase name="verifyItemsInCart" time="7.740" classname="pages.CartPage"/>
  <system-out/>
</testsuite> <!-- pages.CartPage -->
