<?xml version="1.0" encoding="UTF-8"?>
<!-- Generated by org.testng.reporters.JUnitReportReporter -->
<testsuite skipped="0" hostname="PC" name="pages.WishListPage" tests="1" failures="0" timestamp="2020-02-05T06:50:49 PST" time="9.672" errors="0">
  <testcase name="verifyWishListAPI" time="9.672" classname="pages.WishListPage"/>
  <system-out/>
</testsuite> <!-- pages.WishListPage -->
