<?xml version="1.0" encoding="UTF-8"?>
<!-- Generated by org.testng.reporters.JUnitReportReporter -->
<testsuite skipped="0" hostname="PC" name="utils.Reporting" tests="1" failures="0" timestamp="2020-02-06T07:06:27 PST" time="1.208" errors="0">
  <testcase name="testExtent" time="1.208" classname="utils.Reporting"/>
  <system-out/>
</testsuite> <!-- utils.Reporting -->
