<?xml version="1.0" encoding="UTF-8"?>
<!-- Generated by org.testng.reporters.JUnitReportReporter -->
<testsuite skipped="0" hostname="PC" name="pages.GetResponse" tests="1" failures="0" timestamp="2020-02-04T23:44:39 PST" time="9.123" errors="0">
  <testcase name="verifyItemsInCart" time="9.123" classname="pages.GetResponse"/>
  <system-out/>
</testsuite> <!-- pages.GetResponse -->
