<?xml version="1.0" encoding="UTF-8"?>
<!-- Generated by org.testng.reporters.JUnitReportReporter -->
<testsuite skipped="0" hostname="PC" name="resources.SpecBuilder" tests="1" failures="0" timestamp="2020-02-04T23:23:03 PST" time="13.705" errors="0">
  <testcase name="GetUserID" time="13.705" classname="resources.SpecBuilder"/>
  <system-out/>
</testsuite> <!-- resources.SpecBuilder -->
